<?xml version="1.0" encoding="UTF-8"?>
<!-- Generated by org.testng.reporters.JUnitReportReporter -->
<testsuite hostname="MSI" failures="0" tests="1" name="openCSV.ReadDataUsingOpenCSV" time="16.782" errors="0" timestamp="2024-10-12T11:52:37 IST" skipped="0">
  <testcase classname="openCSV.ReadDataUsingOpenCSV" name="dataRead_CSV" time="16.782"/>
  <system-out/>
</testsuite> <!-- openCSV.ReadDataUsingOpenCSV -->
