<?xml version="1.0" encoding="UTF-8"?>
<!-- Generated by org.testng.reporters.JUnitReportReporter -->
<testsuite hostname="MSI" failures="0" tests="1" name="tests.LoginTest" time="5.345" errors="0" timestamp="2024-10-19T12:12:31 IST" skipped="0">
  <testcase classname="tests.LoginTest" name="verifyLoginFeature" time="5.345"/>
  <system-out/>
</testsuite> <!-- tests.LoginTest -->
