<?xml version="1.0" encoding="UTF-8"?>
<!-- Generated by org.testng.reporters.JUnitReportReporter -->
<testsuite hostname="MSI" failures="0" tests="1" name="handleWindow.HandleAmazonWindowExample" time="7.203" errors="0" timestamp="2024-10-05T16:40:05 IST" skipped="0">
  <testcase classname="handleWindow.HandleAmazonWindowExample" name="windowExample1" time="7.203"/>
  <system-out/>
</testsuite> <!-- handleWindow.HandleAmazonWindowExample -->
