<?xml version="1.0" encoding="UTF-8"?>
<!-- Generated by org.testng.reporters.JUnitReportReporter -->
<testsuite hostname="MSI" failures="0" tests="1" name="captureScreenShot.Action_DragDropExample" time="2.205" errors="0" timestamp="2024-10-12T14:11:51 IST" skipped="0">
  <testcase classname="captureScreenShot.Action_DragDropExample" name="amazonSearchTest" time="2.205"/>
  <system-out/>
</testsuite> <!-- captureScreenShot.Action_DragDropExample -->
