<?xml version="1.0" encoding="UTF-8"?>
<!-- Generated by org.testng.reporters.JUnitReportReporter -->
<testsuite hostname="MSI" failures="0" tests="1" name="controlExample.HandleCheckboxTest" time="0.127" errors="0" timestamp="2024-10-05T13:33:29 IST" skipped="0">
  <testcase classname="controlExample.HandleCheckboxTest" name="verifyInputBox" time="0.127"/>
  <system-out/>
</testsuite> <!-- controlExample.HandleCheckboxTest -->
