<?xml version="1.0" encoding="UTF-8"?>
<!-- Generated by org.testng.reporters.JUnitReportReporter -->
<testsuite hostname="MSI" failures="0" tests="1" name="shadomExample.ShadowDOMExample" time="6.816" errors="0" timestamp="2024-10-19T12:59:22 IST" skipped="0">
  <testcase classname="shadomExample.ShadowDOMExample" name="verifydomTest" time="6.816"/>
  <system-out/>
</testsuite> <!-- shadomExample.ShadowDOMExample -->
