<?xml version="1.0" encoding="UTF-8"?>
<!-- Generated by org.testng.reporters.JUnitReportReporter -->
<testsuite hostname="MSI" failures="0" tests="6" name="testNGExample.AmazonTestExample" time="0.017" errors="0" timestamp="2024-10-11T12:21:55 IST" skipped="0">
  <testcase classname="testNGExample.AmazonTestExample" name="login" time="0.008"/>
  <system-out/>
  <testcase classname="testNGExample.AmazonTestExample" name="addItem" time="0.002"/>
  <system-out/>
  <testcase classname="testNGExample.AmazonTestExample" name="updateOrder" time="0.002"/>
  <system-out/>
  <testcase classname="testNGExample.AmazonTestExample" name="cancelOrder" time="0.002"/>
  <system-out/>
  <testcase classname="testNGExample.AmazonTestExample" name="payment" time="0.002"/>
  <system-out/>
  <testcase classname="testNGExample.AmazonTestExample" name="logout" time="0.001"/>
  <system-out/>
</testsuite> <!-- testNGExample.AmazonTestExample -->
