<?xml version="1.0" encoding="UTF-8"?>
<!-- Generated by org.testng.reporters.JUnitReportReporter -->
<testsuite hostname="MSI" failures="0" tests="1" name="headlessExecution.AmazonWishList" time="2.110" errors="0" timestamp="2024-10-12T13:57:23 IST" skipped="0">
  <testcase classname="headlessExecution.AmazonWishList" name="moveToWishList" time="2.110"/>
  <system-out/>
</testsuite> <!-- headlessExecution.AmazonWishList -->
