<?xml version="1.0" encoding="UTF-8"?>
<!-- Generated by org.testng.reporters.JUnitReportReporter -->
<testsuite hostname="MSI" failures="0" tests="1" name="controlExample.HandleInputBox" time="0.134" errors="0" timestamp="2024-10-05T13:03:43 IST" skipped="0">
  <testcase classname="controlExample.HandleInputBox" name="verifyInputBox" time="0.134"/>
  <system-out/>
</testsuite> <!-- controlExample.HandleInputBox -->
