<?xml version="1.0" encoding="UTF-8"?>
<!-- Generated by org.testng.reporters.JUnitReportReporter -->
<testsuite hostname="MSI" failures="0" tests="1" name="filUploadExample.FileUploadExample3" time="4.983" errors="0" timestamp="2024-10-12T14:20:42 IST" skipped="0">
  <testcase classname="filUploadExample.FileUploadExample3" name="lamdaTest" time="4.983"/>
  <system-out/>
</testsuite> <!-- filUploadExample.FileUploadExample3 -->
