<?xml version="1.0" encoding="UTF-8"?>
<!-- Generated by org.testng.reporters.JUnitReportReporter -->
<testsuite hostname="MSI" failures="0" tests="1" name="logExample.LoginTest" time="4.503" errors="0" timestamp="2024-10-12T13:26:45 IST" skipped="0">
  <testcase classname="logExample.LoginTest" name="verifyLoginfeature" time="4.503"/>
  <system-out/>
</testsuite> <!-- logExample.LoginTest -->
