<?xml version="1.0" encoding="UTF-8"?>
<!-- Generated by org.testng.reporters.JUnitReportReporter -->
<testsuite hostname="MSI" failures="0" tests="1" name="actoinExample.RightClickDoubleClick" time="3.178" errors="0" timestamp="2024-10-11T11:09:55 IST" skipped="0">
  <testcase classname="actoinExample.RightClickDoubleClick" name="doubleClickTest" time="3.178"/>
  <system-out/>
</testsuite> <!-- actoinExample.RightClickDoubleClick -->
