<?xml version="1.0" encoding="UTF-8"?>
<!-- Generated by org.testng.reporters.JUnitReportReporter -->
<testsuite hostname="MSI" failures="0" tests="1" name="controlExample.HandleAlertExample" time="9.190" errors="0" timestamp="2024-10-05T15:50:46 IST" skipped="0">
  <testcase classname="controlExample.HandleAlertExample" name="PromptAlert" time="9.190"/>
  <system-out/>
</testsuite> <!-- controlExample.HandleAlertExample -->
