<?xml version="1.0" encoding="UTF-8"?>
<!-- Generated by org.testng.reporters.JUnitReportReporter -->
<testsuite hostname="MSI" failures="0" tests="1" name="controlExample.HandleAlertExample2" time="9.244" errors="0" timestamp="2024-10-05T15:57:03 IST" skipped="0">
  <testcase classname="controlExample.HandleAlertExample2" name="PromptAlert" time="9.244"/>
  <system-out/>
</testsuite> <!-- controlExample.HandleAlertExample2 -->
