<?xml version="1.0" encoding="UTF-8"?>
<!-- Generated by org.testng.reporters.JUnitReportReporter -->
<testsuite hostname="MSI" failures="0" tests="1" name="exercise.xpath_axis_example_amazon2" time="8.681" errors="0" timestamp="2024-10-12T15:04:53 IST" skipped="0">
  <testcase classname="exercise.xpath_axis_example_amazon2" name="XPATHAsix" time="8.681"/>
  <system-out/>
</testsuite> <!-- exercise.xpath_axis_example_amazon2 -->
