<?xml version="1.0" encoding="UTF-8"?>
<!-- Generated by org.testng.reporters.JUnitReportReporter -->
<testsuite hostname="MSI" failures="0" tests="1" name="controlExample.HandleDropDown" time="2.137" errors="0" timestamp="2024-10-05T14:01:27 IST" skipped="0">
  <testcase classname="controlExample.HandleDropDown" name="verifyCarListBox" time="2.137"/>
  <system-out/>
</testsuite> <!-- controlExample.HandleDropDown -->
