<?xml version="1.0" encoding="UTF-8"?>
<!-- Generated by org.testng.reporters.JUnitReportReporter -->
<testsuite hostname="MSI" failures="0" tests="4" name="testNGExample.NOPComm_DDT_Example2" time="17.582" errors="0" timestamp="2024-10-12T12:18:46 IST" skipped="0">
  <testcase classname="testNGExample.NOPComm_DDT_Example2" name="verifyLoginWithInValid" time="4.309"/>
  <system-out/>
  <testcase classname="testNGExample.NOPComm_DDT_Example2" name="verifyLoginWithInValid" time="4.316"/>
  <system-out/>
  <testcase classname="testNGExample.NOPComm_DDT_Example2" name="verifyLoginWithInValid" time="4.258"/>
  <system-out/>
  <testcase classname="testNGExample.NOPComm_DDT_Example2" name="verifyLoginWithInValid" time="4.699"/>
  <system-out/>
</testsuite> <!-- testNGExample.NOPComm_DDT_Example2 -->
