<?xml version="1.0" encoding="UTF-8"?>
<!-- Generated by org.testng.reporters.JUnitReportReporter -->
<testsuite hostname="MSI" failures="0" tests="2" name="crossBorwserTest.SignUpTest_CrossBrowserTest" time="8.532" errors="0" timestamp="2024-10-11T11:57:09 IST" skipped="0">
  <testcase classname="crossBorwserTest.SignUpTest_CrossBrowserTest" name="verifySignTest" time="4.290"/>
  <system-out/>
  <testcase classname="crossBorwserTest.SignUpTest_CrossBrowserTest" name="verifySignTest" time="4.242"/>
  <system-out/>
</testsuite> <!-- crossBorwserTest.SignUpTest_CrossBrowserTest -->
