<?xml version="1.0" encoding="UTF-8"?>
<!-- Generated by org.testng.reporters.JUnitReportReporter -->
<testsuite hostname="MSI" failures="0" tests="1" name="javascriptExample.HandleJavaScriptExample2" time="0.070" errors="0" timestamp="2024-10-05T17:03:50 IST" skipped="0">
  <testcase classname="javascriptExample.HandleJavaScriptExample2" name="windowExample1" time="0.070"/>
  <system-out/>
</testsuite> <!-- javascriptExample.HandleJavaScriptExample2 -->
