<?xml version="1.0" encoding="UTF-8"?>
<!-- Generated by org.testng.reporters.JUnitReportReporter -->
<testsuite hostname="MSI" failures="0" tests="1" name="shadomExample.ShadowDOMExample2" time="6.689" errors="0" timestamp="2024-10-19T13:10:21 IST" skipped="0">
  <testcase classname="shadomExample.ShadowDOMExample2" name="verifydomTest" time="6.689"/>
  <system-out/>
</testsuite> <!-- shadomExample.ShadowDOMExample2 -->
