<?xml version="1.0" encoding="UTF-8"?>
<!-- Generated by org.testng.reporters.JUnitReportReporter -->
<testsuite hostname="MSI" failures="0" tests="1" name="reqresAPI.TC_01_ListUser" time="1.677" errors="0" timestamp="2024-11-09T11:59:19 IST" skipped="0">
  <testcase classname="reqresAPI.TC_01_ListUser" name="verifyListUserTest" time="1.677"/>
  <system-out/>
</testsuite> <!-- reqresAPI.TC_01_ListUser -->
