<?xml version="1.0" encoding="UTF-8"?>
<!-- Generated by org.testng.reporters.JUnitReportReporter -->
<testsuite hostname="MSI" failures="0" tests="1" name="exercise.DOMExample2" time="9.032" errors="0" timestamp="2024-10-19T09:53:11 IST" skipped="0">
  <testcase classname="exercise.DOMExample2" name="domTestExample" time="9.032"/>
  <system-out/>
</testsuite> <!-- exercise.DOMExample2 -->
