<?xml version="1.0" encoding="UTF-8"?>
<!-- Generated by org.testng.reporters.JUnitReportReporter -->
<testsuite hostname="MSI" failures="0" tests="1" name="syncExample.Handle_SyncIssue_Explicit_Alert" time="9.876" errors="0" timestamp="2024-10-12T13:50:13 IST" skipped="0">
  <testcase classname="syncExample.Handle_SyncIssue_Explicit_Alert" name="enterValueIntoInputBox" time="9.876"/>
  <system-out/>
</testsuite> <!-- syncExample.Handle_SyncIssue_Explicit_Alert -->
