<?xml version="1.0" encoding="UTF-8"?>
<!-- Generated by org.testng.reporters.JUnitReportReporter -->
<testsuite hostname="MSI" failures="0" tests="1" name="allyTest.GoogleAllyTest" time="0.589" errors="0" timestamp="2024-12-13T10:47:56 IST" skipped="0">
  <testcase classname="allyTest.GoogleAllyTest" name="verifyAmazonAllyTestElement" time="0.589"/>
  <system-out/>
</testsuite> <!-- allyTest.GoogleAllyTest -->
