<?xml version="1.0" encoding="UTF-8"?>
<!-- Generated by org.testng.reporters.JUnitReportReporter -->
<testsuite hostname="MSI" failures="0" tests="1" name="handleIFrame.HandleAlertExample2" time="0.133" errors="0" timestamp="2024-10-05T16:12:56 IST" skipped="0">
  <testcase classname="handleIFrame.HandleAlertExample2" name="iframeExample1" time="0.133"/>
  <system-out/>
</testsuite> <!-- handleIFrame.HandleAlertExample2 -->
