<?xml version="1.0" encoding="UTF-8"?>
<!-- Generated by org.testng.reporters.JUnitReportReporter -->
<testsuite hostname="MSI" failures="0" tests="1" name="syncExample.Handle_SyncIssue_Explicit_Input2" time="13.481" errors="0" timestamp="2024-10-12T13:46:27 IST" skipped="0">
  <testcase classname="syncExample.Handle_SyncIssue_Explicit_Input2" name="enterValueIntoInputBox" time="13.481"/>
  <system-out/>
</testsuite> <!-- syncExample.Handle_SyncIssue_Explicit_Input2 -->
