<?xml version="1.0" encoding="UTF-8"?>
<!-- Generated by org.testng.reporters.JUnitReportReporter -->
<testsuite hostname="MSI" failures="0" tests="3" name="testNGExample.AnnotationExample" time="0.013" errors="0" timestamp="2024-10-11T12:37:06 IST" skipped="0">
  <testcase classname="testNGExample.AnnotationExample" name="login" time="0.009"/>
  <system-out/>
  <testcase classname="testNGExample.AnnotationExample" name="addItem" time="0.002"/>
  <system-out/>
  <testcase classname="testNGExample.AnnotationExample" name="logout" time="0.002"/>
  <system-out/>
</testsuite> <!-- testNGExample.AnnotationExample -->
