<?xml version="1.0" encoding="UTF-8"?>
<!-- Generated by org.testng.reporters.JUnitReportReporter -->
<testsuite hostname="MSI" failures="0" tests="1" name="exercise.DOMExample" time="25.758" errors="0" timestamp="2024-10-19T09:25:45 IST" skipped="0">
  <testcase classname="exercise.DOMExample" name="domTestExample" time="25.758"/>
  <system-out/>
</testsuite> <!-- exercise.DOMExample -->
