<?xml version="1.0" encoding="UTF-8"?>
<!-- Generated by org.testng.reporters.JUnitReportReporter -->
<testsuite hostname="MSI" failures="0" tests="1" name="actoinExample.Action_DragDropExample" time="2.681" errors="0" timestamp="2024-10-11T11:32:15 IST" skipped="0">
  <testcase classname="actoinExample.Action_DragDropExample" name="iframeExample1" time="2.681"/>
  <system-out/>
</testsuite> <!-- actoinExample.Action_DragDropExample -->
