<?xml version="1.0" encoding="UTF-8"?>
<!-- Generated by org.testng.reporters.JUnitReportReporter -->
<testsuite hostname="MSI" failures="0" tests="1" name="controlExample.HandleradioButton" time="0.102" errors="0" timestamp="2024-10-05T13:37:03 IST" skipped="0">
  <testcase classname="controlExample.HandleradioButton" name="verifyInputBox" time="0.102"/>
  <system-out/>
</testsuite> <!-- controlExample.HandleradioButton -->
