<?xml version="1.0" encoding="UTF-8"?>
<!-- Generated by org.testng.reporters.JUnitReportReporter -->
<testsuite hostname="MSI" failures="0" tests="1" name="openCSV.ReadDataUsingOpenCSV2" time="16.769" errors="0" timestamp="2024-10-12T11:54:55 IST" skipped="0">
  <testcase classname="openCSV.ReadDataUsingOpenCSV2" name="dataRead_CSV" time="16.769"/>
  <system-out/>
</testsuite> <!-- openCSV.ReadDataUsingOpenCSV2 -->
