<?xml version="1.0" encoding="UTF-8"?>
<!-- Generated by org.testng.reporters.JUnitReportReporter -->
<testsuite hostname="MSI" failures="0" tests="1" name="actoinExample.AmazonWishList" time="1.265" errors="0" timestamp="2024-10-11T10:15:46 IST" skipped="0">
  <testcase classname="actoinExample.AmazonWishList" name="moveToWishList" time="1.265"/>
  <system-out/>
</testsuite> <!-- actoinExample.AmazonWishList -->
