<?xml version="1.0" encoding="UTF-8"?>
<!-- Generated by org.testng.reporters.JUnitReportReporter -->
<testsuite hostname="MSI" failures="0" tests="1" name="exercise.xpath_axis_example_amazon" time="12.294" errors="0" timestamp="2024-10-12T14:45:41 IST" skipped="0">
  <testcase classname="exercise.xpath_axis_example_amazon" name="XPATHAsix" time="12.294"/>
  <system-out/>
</testsuite> <!-- exercise.xpath_axis_example_amazon -->
