<?xml version="1.0" encoding="UTF-8"?>
<!-- Generated by org.testng.reporters.JUnitReportReporter -->
<testsuite hostname="MSI" failures="0" tests="1" name="javascriptExample.HandleJavaScriptExample3" time="0.032" errors="0" timestamp="2024-10-05T17:07:05 IST" skipped="0">
  <testcase classname="javascriptExample.HandleJavaScriptExample3" name="windowExample1" time="0.032"/>
  <system-out/>
</testsuite> <!-- javascriptExample.HandleJavaScriptExample3 -->
