<?xml version="1.0" encoding="UTF-8"?>
<!-- Generated by org.testng.reporters.JUnitReportReporter -->
<testsuite hostname="MSI" failures="0" tests="1" name="configExample.TestExample" time="0.010" errors="0" timestamp="2024-10-11T13:01:17 IST" skipped="0">
  <testcase classname="configExample.TestExample" name="verifyTest" time="0.010"/>
  <system-out/>
</testsuite> <!-- configExample.TestExample -->
