<?xml version="1.0" encoding="UTF-8"?>
<!-- Generated by org.testng.reporters.JUnitReportReporter -->
<testsuite hostname="MSI" failures="0" tests="1" name="filUploadExample.FileUploadExample1" time="5.255" errors="0" timestamp="2024-10-12T14:16:19 IST" skipped="0">
  <testcase classname="filUploadExample.FileUploadExample1" name="fileUploadTest" time="5.255"/>
  <system-out/>
</testsuite> <!-- filUploadExample.FileUploadExample1 -->
