<?xml version="1.0" encoding="UTF-8"?>
<!-- Generated by org.testng.reporters.JUnitReportReporter -->
<testsuite hostname="MSI" failures="0" tests="1" name="javascriptExample.HandleJavaScriptExample" time="0.041" errors="0" timestamp="2024-10-05T16:57:31 IST" skipped="0">
  <testcase classname="javascriptExample.HandleJavaScriptExample" name="windowExample1" time="0.041"/>
  <system-out/>
</testsuite> <!-- javascriptExample.HandleJavaScriptExample -->
