<?xml version="1.0" encoding="UTF-8"?>
<!-- Generated by org.testng.reporters.JUnitReportReporter -->
<testsuite hostname="MSI" failures="0" tests="3" name="crossBorwserTest.SignUpTest_CrossBrowserTest" time="13.302" errors="0" timestamp="2025-02-15T09:43:46 IST" skipped="0">
  <testcase classname="crossBorwserTest.SignUpTest_CrossBrowserTest" name="verifySignTest" time="4.625"/>
  <system-out/>
  <testcase classname="crossBorwserTest.SignUpTest_CrossBrowserTest" name="verifySignTest" time="4.337"/>
  <system-out/>
  <testcase classname="crossBorwserTest.SignUpTest_CrossBrowserTest" name="verifySignTest" time="4.340"/>
  <system-out/>
</testsuite> <!-- crossBorwserTest.SignUpTest_CrossBrowserTest -->
